{
  "RSpec": {
    "coverage": {
      "/Users/Cindy/projects/onsite_course/weekend9_pracitse/Ruby-basic-practise/spec/airport_spec.rb": [
        1,
        null,
        1,
        null,
        10,
        8,
        6,
        null,
        1,
        1,
        1,
        2,
        null,
        null,
        null,
        1,
        1,
        1,
        null,
        null,
        null,
        1,
        1,
        11,
        2,
        null,
        null,
        null,
        1,
        1,
        1,
        2,
        null,
        null,
        null,
        null,
        1,
        1,
        1,
        1,
        2,
        null,
        null,
        1,
        1,
        1,
        null,
        null,
        null,
        1,
        1,
        1,
        2,
        null,
        null,
        1,
        1,
        1,
        null,
        null,
        null,
        1,
        1,
        1,
        2,
        null,
        null,
        null,
        null,
        null
      ],
      "/Users/Cindy/projects/onsite_course/weekend9_pracitse/Ruby-basic-practise/lib/airport.rb": [
        1,
        1,
        null,
        1,
        null,
        1,
        1,
        1,
        null,
        1,
        9,
        9,
        null,
        null,
        1,
        4,
        3,
        2,
        1,
        null,
        null,
        1,
        5,
        3,
        2,
        2,
        null,
        null,
        1,
        1,
        5,
        null,
        null,
        null
      ],
      "/Users/Cindy/projects/onsite_course/weekend9_pracitse/Ruby-basic-practise/lib/plane.rb": [
        1,
        null,
        1,
        22,
        null,
        null,
        null
      ],
      "/Users/Cindy/projects/onsite_course/weekend9_pracitse/Ruby-basic-practise/lib/weather.rb": [
        1,
        null,
        1,
        0,
        null,
        null,
        null
      ],
      "/Users/Cindy/projects/onsite_course/weekend9_pracitse/Ruby-basic-practise/spec/weather_spec.rb": [
        1,
        1,
        null,
        null,
        null,
        null,
        null,
        null,
        null,
        null,
        null,
        null,
        null,
        null,
        null,
        null,
        null,
        null,
        null,
        null,
        null,
        null
      ]
    },
    "timestamp": 1524499974
  }
}
